==================================================
Run started: Sun 21 Jun 2026 22:08:01 PST
Updating recent results ...
Done. 0 new draw(s) added. Total records: 7747.
Run finished: Sun 21 Jun 2026 22:08:01 PST (exit code 0)
==================================================
Run started: Sun 21 Jun 2026 22:15:20 PST
Updating recent results ...
Done. 0 new draw(s) added. Total records: 7747.
Run finished: Sun 21 Jun 2026 22:15:21 PST (exit code 0)
==================================================
Run started: Sun 21 Jun 2026 22:20:15 PST
Updating recent results ...
Done. 0 new draw(s) added. Total records: 7747.
HTML updated.
Done for 2026-06-21. Today's games: ['Ultra Lotto 6/58', 'Super Lotto 6/49']
Run finished: Sun 21 Jun 2026 22:20:17 PST (update exit 0, predict exit 0)
==================================================
Run started: Sun 21 Jun 2026 22:42:39 PST
Updating recent results ...
  + mirror: Ultra Lotto 6/58 2026-06-21 15-05-45-11-17-39
  + mirror: Super Lotto 6/49 2026-06-21 44-13-27-33-24-42
Done. 2 new draw(s) added (2 via mirror). Total records: 7749.
HTML updated.
Done for 2026-06-21. Today's games: ['Ultra Lotto 6/58', 'Super Lotto 6/49']
Run finished: Sun 21 Jun 2026 22:42:42 PST (update exit 0, predict exit 0)
==================================================
Run started: Sun 21 Jun 2026 22:51:11 PST
Updating recent results ...
Done. 0 new draw(s) added. Total records: 7749.
HTML updated.
Done for 2026-06-21. Today's games: ['Ultra Lotto 6/58', 'Super Lotto 6/49']
Run finished: Sun 21 Jun 2026 22:51:13 PST (update exit 0, predict exit 0)
==================================================
Run started: Mon 22 Jun 2026 07:29:12 PST
Updating recent results ...
  + mirror: Grand Lotto 6/55 2026-06-22 24-10-55-36-04-41
  + mirror: Mega Lotto 6/45 2026-06-22 27-15-09-13-12-08
Done. 2 new draw(s) added (2 via mirror). Total records: 7751.
HTML updated.
Done for 2026-06-22. Today's games: ['Grand Lotto 6/55', 'Mega Lotto 6/45']
Run finished: Mon 22 Jun 2026 07:29:14 PST (update exit 0, predict exit 0)
==================================================
Run started: Mon 22 Jun 2026 22:06:52 PST
Updating recent results ...
  + mirror: Grand Lotto 6/55 2026-06-22 37-32-23-35-53-18
  + mirror: Mega Lotto 6/45 2026-06-22 28-03-24-31-18-16
Done. 2 new draw(s) added (2 via mirror). Total records: 7751.
HTML updated.
Done for 2026-06-22. Today's games: ['Grand Lotto 6/55', 'Mega Lotto 6/45']
Run finished: Mon 22 Jun 2026 22:06:57 PST (update exit 0, predict exit 0)
==================================================
Run started: Tue 23 Jun 2026 05:50:39 PST
Updating recent results ...
Done. 0 new draw(s) added. Total records: 7751.
HTML updated.
Done for 2026-06-23. Today's games: ['Ultra Lotto 6/58', 'Super Lotto 6/49', 'Lotto 6/42']
Run finished: Tue 23 Jun 2026 05:50:47 PST (update exit 0, predict exit 0)
==================================================
Run started: Tue 23 Jun 2026 05:58:05 PST
Updating recent results ...
  current jackpots updated for 5 game(s).
Done. 0 new draw(s) added. Total records: 7751.
HTML updated.
Done for 2026-06-23. Today's games: ['Ultra Lotto 6/58', 'Super Lotto 6/49', 'Lotto 6/42']
Run finished: Tue 23 Jun 2026 05:58:08 PST (update exit 0, predict exit 0)
==================================================
Run started: Wed 24 Jun 2026 02:08:26 PST
Updating recent results ...
  + mirror: Ultra Lotto 6/58 2026-06-23 04-21-41-40-39-52
  + mirror: Super Lotto 6/49 2026-06-23 44-08-32-42-12-27
  + mirror: Lotto 6/42 2026-06-23 30-20-11-07-36-01
  current jackpots updated for 5 game(s).
Done. 3 new draw(s) added (3 via mirror). Total records: 7754.
HTML updated.
Done for 2026-06-24. Today's games: ['Grand Lotto 6/55', 'Mega Lotto 6/45']
Run finished: Wed 24 Jun 2026 02:08:31 PST (update exit 0, predict exit 0)
==================================================
Run started: Thu 25 Jun 2026 00:22:51 PST
Updating recent results ...
  + mirror: Grand Lotto 6/55 2026-06-24 22-51-17-23-54-29
  + mirror: Mega Lotto 6/45 2026-06-24 41-29-27-21-33-19
  current jackpots updated for 5 game(s).
Done. 2 new draw(s) added (2 via mirror). Total records: 7756.
HTML updated.
Done for 2026-06-25. Today's games: ['Super Lotto 6/49', 'Lotto 6/42']
Run finished: Thu 25 Jun 2026 00:22:59 PST (update exit 0, predict exit 0)
==================================================
Run started: Thu 25 Jun 2026 22:40:06 PST
Updating recent results ...
  + mirror: Super Lotto 6/49 2026-06-25 49-19-15-46-25-36
  + mirror: Lotto 6/42 2026-06-25 26-35-12-08-25-23
  current jackpots updated for 5 game(s).
Done. 2 new draw(s) added (2 via mirror). Total records: 7758.
HTML updated.
Done for 2026-06-25. Today's games: ['Super Lotto 6/49', 'Lotto 6/42']
Run finished: Thu 25 Jun 2026 22:40:15 PST (update exit 0, predict exit 0)
==================================================
Run started: Fri 26 Jun 2026 07:25:32 PST
Updating recent results ...
  current jackpots updated for 5 game(s).
Done. 0 new draw(s) added. Total records: 7758.
HTML updated.
Done for 2026-06-26. Today's games: ['Ultra Lotto 6/58', 'Mega Lotto 6/45']
Run finished: Fri 26 Jun 2026 07:25:35 PST (update exit 0, predict exit 0)
==================================================
Run started: Sat 27 Jun 2026 22:44:55 PST
Updating recent results ...
  + mirror: Grand Lotto 6/55 2026-06-27 38-27-33-32-49-31
  + mirror: Lotto 6/42 2026-06-27 24-31-03-36-35-23
  + mirror: Ultra Lotto 6/58 2026-06-26 53-54-44-57-51-07
  + mirror: Mega Lotto 6/45 2026-06-26 09-41-22-45-05-10
  current jackpots updated for 5 game(s).
Done. 4 new draw(s) added (4 via mirror). Total records: 7762.
HTML updated.
Done for 2026-06-27. Today's games: ['Grand Lotto 6/55', 'Lotto 6/42']
Run finished: Sat 27 Jun 2026 22:45:10 PST (update exit 0, predict exit 0)
==================================================
Run started: Sat 27 Jun 2026 23:01:43 PST
Updating recent results ...
  current jackpots updated for 5 game(s).
Done. 0 new draw(s) added. Total records: 7762.
HTML updated.
Done for 2026-06-27. Today's games: ['Grand Lotto 6/55', 'Lotto 6/42']
Run finished: Sat 27 Jun 2026 23:01:45 PST (update exit 0, predict exit 0)
==================================================
Run started: Sat 27 Jun 2026 23:21:28 PST
Updating recent results ...
Backfilling full history for new game(s): ['4D Lotto', '6D Lotto']
  fetching 2016 ...
  fetching 2017 ...
  fetching 2018 ...
  fetching 2019 ...
  fetching 2020 ...
  fetching 2021 ...
  fetching 2022 ...
  fetching 2023 ...
  fetching 2024 ...
  fetching 2025 ...
  fetching 2026 ...
  current jackpots updated for 5 game(s).
Done. 0 new draw(s) added. Total records: 7762.
HTML updated.
Done for 2026-06-27. Today's games: ['Grand Lotto 6/55', 'Lotto 6/42', '6D Lotto']
Run finished: Sat 27 Jun 2026 23:21:31 PST (update exit 0, predict exit 0)
==================================================
Run started: Sat 27 Jun 2026 23:38:57 PST
Updating recent results ...
  current jackpots updated for 5 game(s).
Done. 0 new draw(s) added. Total records: 10762.
HTML updated.
Done for 2026-06-27. Today's games: ['Grand Lotto 6/55', 'Lotto 6/42', '6D Lotto']
Run finished: Sat 27 Jun 2026 23:39:00 PST (update exit 0, predict exit 0)
